e:\c++ projects\3linedodgegame\x64\debug\raylib.dll
e:\c++ projects\dodgegame\3linedodgegame\x64\debug\raylib.dll
e:\c++ projects\dodgegame\3linedodgegame\3linedodgegame\x64\debug\vc143.pdb
e:\c++ projects\dodgegame\3linedodgegame\3linedodgegame\x64\debug\vc143.idb
e:\c++ projects\dodgegame\3linedodgegame\3linedodgegame\x64\debug\player.obj
e:\c++ projects\dodgegame\3linedodgegame\3linedodgegame\x64\debug\gameobject.obj
e:\c++ projects\dodgegame\3linedodgegame\3linedodgegame\x64\debug\bulletspawner.obj
e:\c++ projects\dodgegame\3linedodgegame\3linedodgegame\x64\debug\bullet.obj
e:\c++ projects\dodgegame\3linedodgegame\3linedodgegame\x64\debug\3linedodgegame.obj
e:\c++ projects\dodgegame\3linedodgegame\x64\debug\3linedodgegame.exe
e:\c++ projects\dodgegame\3linedodgegame\x64\debug\3linedodgegame.pdb
e:\c++ projects\dodgegame\3linedodgegame\3linedodgegame\x64\debug\3linedodgegame.ilk
e:\c++ projects\dodgegame\3linedodgegame\3linedodgegame\x64\debug\3linedodgegame.tlog\3linedodgegame.write.1u.tlog
e:\c++ projects\dodgegame\3linedodgegame\3linedodgegame\x64\debug\3linedodgegame.tlog\cl.command.1.tlog
e:\c++ projects\dodgegame\3linedodgegame\3linedodgegame\x64\debug\3linedodgegame.tlog\cl.items.tlog
e:\c++ projects\dodgegame\3linedodgegame\3linedodgegame\x64\debug\3linedodgegame.tlog\cl.read.1.tlog
e:\c++ projects\dodgegame\3linedodgegame\3linedodgegame\x64\debug\3linedodgegame.tlog\cl.write.1.tlog
e:\c++ projects\dodgegame\3linedodgegame\3linedodgegame\x64\debug\3linedodgegame.tlog\link.command.1.tlog
e:\c++ projects\dodgegame\3linedodgegame\3linedodgegame\x64\debug\3linedodgegame.tlog\link.read.1.tlog
e:\c++ projects\dodgegame\3linedodgegame\3linedodgegame\x64\debug\3linedodgegame.tlog\link.secondary.1.tlog
e:\c++ projects\dodgegame\3linedodgegame\3linedodgegame\x64\debug\3linedodgegame.tlog\link.write.1.tlog
